<?xml version="1.0" encoding="UTF-8"?>
<testsuite name="CustomCellRendererTest" time="0.119" tests="2" errors="0" skipped="0" failures="0">
  <properties>
    <property name="http.agent" value="Sonar Maven/3.1.1"/>
    <property name="ROOT_LOGGER_LEVEL" value="INFO"/>
    <property name="java.runtime.name" value="Java(TM) SE Runtime Environment"/>
    <property name="sun.boot.library.path" value="C:\Program Files\Java\jdk1.6.0_41\jre\bin"/>
    <property name="java.vm.version" value="20.14-b01"/>
    <property name="java.vm.vendor" value="Sun Microsystems Inc."/>
    <property name="java.vendor.url" value="http://java.sun.com/"/>
    <property name="path.separator" value=";"/>
    <property name="guice.disable.misplaced.annotation.check" value="true"/>
    <property name="java.vm.name" value="Java HotSpot(TM) 64-Bit Server VM"/>
    <property name="file.encoding.pkg" value="sun.io"/>
    <property name="user.country" value="US"/>
    <property name="sun.java.launcher" value="SUN_STANDARD"/>
    <property name="sun.os.patch.level" value=""/>
    <property name="java.vm.specification.name" value="Java Virtual Machine Specification"/>
    <property name="user.dir" value="C:\cygwin64\home\Chris\csci-658-termproject\jxmlutil"/>
    <property name="java.runtime.version" value="1.6.0_41-b02"/>
    <property name="java.awt.graphicsenv" value="sun.awt.Win32GraphicsEnvironment"/>
    <property name="java.endorsed.dirs" value="C:\Program Files\Java\jdk1.6.0_41\jre\lib\endorsed"/>
    <property name="os.arch" value="amd64"/>
    <property name="java.io.tmpdir" value="C:\cygwin64\tmp\"/>
    <property name="line.separator" value="&#10;"/>
    <property name="java.vm.specification.vendor" value="Sun Microsystems Inc."/>
    <property name="user.variant" value=""/>
    <property name="os.name" value="Windows 8"/>
    <property name="classworlds.conf" value="C:\Users\Chris\Documents\programs-internal and external sources\apache-maven-3.1.1/bin/m2.conf"/>
    <property name="sun.jnu.encoding" value="Cp1252"/>
    <property name="java.library.path" value="C:\Program Files\Java\jdk1.6.0_41\bin;C:\WINDOWS\Sun\Java\bin;C:\WINDOWS\system32;C:\WINDOWS;C:\cygwin64\usr\local\bin;C:\cygwin64\bin;C:\Program Files (x86)\Intel\iCLS Client;C:\Program Files\Intel\iCLS Client;C:\WINDOWS\system32;C:\WINDOWS;C:\WINDOWS\System32\Wbem;C:\WINDOWS\System32\WindowsPowerShell\v1.0;C:\Program Files\Intel\Intel(R) Management Engine Components\DAL;C:\Program Files\Intel\Intel(R) Management Engine Components\IPT;C:\Program Files (x86)\Intel\Intel(R) Management Engine Components\DAL;C:\Program Files (x86)\Intel\Intel(R) Management Engine Components\IPT;C:\Program Files (x86)\Intel\OpenCL SDK\2.0\bin\x86;C:\Program Files (x86)\Intel\OpenCL SDK\2.0\bin\x64;C:\Program Files\Intel\WiFi\bin;C:\Program Files\Common Files\Intel\WirelessCommon;C:\Program Files (x86)\Git\cmd;C:\Users\Chris\Documents\programs-internal and external sources\gradle-1.10\bin;C:\Users\Chris\Documents\programs-internal and external sources\apache-maven-3.1.1\bin; C;C:\cygwin64\Program Files\Java\jdk1.6.0_41\bin;C:\Program Files\TortoiseHg;C:\Users\Chris\Documents\programs-internal and external sources\apache-ant-1.9.2\bin;C:\Program Files (x86)\Medsphere\Gtk# Runtime\bin;C:\Program Files (x86)\QuickTime\QTSystem;C:\Users\Chris\Documents\programs-internal and external sources\sonar-runner-2.3\bin;C:\Users\Chris\.m2\repository;C:\Program Files (x86)\Notepad++;C:\wamp\bin\mysql\mysql5.6.12\bin;C:\Program Files\PostgreSQL\9.3\bin;C:\cygwin64\bin;C:\Program Files\Java\jdk1.6.0_41\bin;C:\Users\Chris\Documents\programs-internal and external sources\putty; C;C:\cygwin64\cygwin64\bin;."/>
    <property name="java.specification.name" value="Java Platform API Specification"/>
    <property name="java.class.version" value="50.0"/>
    <property name="sun.management.compiler" value="HotSpot 64-Bit Tiered Compilers"/>
    <property name="os.version" value="6.2"/>
    <property name="user.home" value="C:\Users\Chris"/>
    <property name="user.timezone" value="America/New_York"/>
    <property name="java.awt.printerjob" value="sun.awt.windows.WPrinterJob"/>
    <property name="java.specification.version" value="1.6"/>
    <property name="file.encoding" value="Cp1252"/>
    <property name="user.name" value="Chris"/>
    <property name="java.class.path" value="C:\Users\Chris\Documents\programs-internal and external sources\apache-maven-3.1.1/boot/plexus-classworlds-2.5.1.jar"/>
    <property name="org.slf4j.simpleLogger.defaultLogLevel" value="info"/>
    <property name="java.vm.specification.version" value="1.0"/>
    <property name="sun.arch.data.model" value="64"/>
    <property name="java.home" value="C:\Program Files\Java\jdk1.6.0_41\jre"/>
    <property name="sun.java.command" value="org.codehaus.plexus.classworlds.launcher.Launcher sonar:sonar"/>
    <property name="java.specification.vendor" value="Sun Microsystems Inc."/>
    <property name="user.language" value="en"/>
    <property name="awt.toolkit" value="sun.awt.windows.WToolkit"/>
    <property name="java.vm.info" value="mixed mode"/>
    <property name="java.version" value="1.6.0_41"/>
    <property name="java.ext.dirs" value="C:\Program Files\Java\jdk1.6.0_41\jre\lib\ext;C:\WINDOWS\Sun\Java\lib\ext"/>
    <property name="sun.boot.class.path" value="C:\Program Files\Java\jdk1.6.0_41\jre\lib\resources.jar;C:\Program Files\Java\jdk1.6.0_41\jre\lib\rt.jar;C:\Program Files\Java\jdk1.6.0_41\jre\lib\sunrsasign.jar;C:\Program Files\Java\jdk1.6.0_41\jre\lib\jsse.jar;C:\Program Files\Java\jdk1.6.0_41\jre\lib\jce.jar;C:\Program Files\Java\jdk1.6.0_41\jre\lib\charsets.jar;C:\Program Files\Java\jdk1.6.0_41\jre\lib\modules\jdk.boot.jar;C:\Program Files\Java\jdk1.6.0_41\jre\classes"/>
    <property name="java.vendor" value="Sun Microsystems Inc."/>
    <property name="maven.home" value="C:\Users\Chris\Documents\programs-internal and external sources\apache-maven-3.1.1"/>
    <property name="file.separator" value="\"/>
    <property name="java.vendor.url.bug" value="http://java.sun.com/cgi-bin/bugreport.cgi"/>
    <property name="sun.cpu.endian" value="little"/>
    <property name="sun.io.unicode.encoding" value="UnicodeLittle"/>
    <property name="sun.desktop" value="windows"/>
    <property name="sun.cpu.isalist" value="amd64"/>
  </properties>
  <testcase name="testCustomCellRenderer" classname="CustomCellRendererTest" time="0.119"/>
  <testcase name="testGetTreeCellRendererComponent" classname="CustomCellRendererTest" time="0"/>
</testsuite>